[0mPOST /api/users/login [33m401[0m 151.217 ms - 55[0m
[0mPOST /api/users/login [32m200[0m 210.041 ms - 229[0m
[0mGET /api/tasks?stage=&isTrashed=&search= [36m304[0m 320.496 ms - -[0m
[0mGET /api/users/notifications [32m201[0m 334.337 ms - 2[0m
[0mGET /api/tasks?stage=&isTrashed=&search= [36m304[0m 424.494 ms - -[0m
[0mGET /api/users/notifications [32m201[0m 432.016 ms - 2[0m
[0mGET /api/users/notifications [33m401[0m 1.310 ms - 61[0m
[0mGET /api/tasks/dashboard [33m401[0m 0.438 ms - 61[0m
[0mPOST /api/users/login [32m200[0m 172.813 ms - 242[0m
[0mGET /api/users/notifications [32m201[0m 66.915 ms - 2[0m
[0mGET /api/tasks/dashboard [32m200[0m 150.819 ms - 9155[0m
[0mGET /api/users/notifications [32m201[0m 62.185 ms - 2[0m
[0mGET /api/tasks/dashboard [36m304[0m 144.307 ms - -[0m
[0mGET /api/users/notifications [32m201[0m 70.449 ms - 2[0m
[0mGET /api/tasks/dashboard [36m304[0m 143.282 ms - -[0m
[0mGET /api/users/notifications [32m201[0m 83.273 ms - 2[0m
[0mGET /api/tasks/dashboard [36m304[0m 138.547 ms - -[0m
[0mGET /api/users/notifications [32m201[0m 61.957 ms - 2[0m
[0mGET /api/tasks/dashboard [36m304[0m 129.589 ms - -[0m
[0mGET /api/users/notifications [32m201[0m 72.841 ms - 2[0m
[0mGET /api/tasks/dashboard [36m304[0m 129.946 ms - -[0m
[0mPOST /api/users/login [32m200[0m 120.354 ms - 233[0m
[0mGET /api/users/notifications [32m201[0m 91.667 ms - 510[0m
[0mGET /api/tasks?stage=&isTrashed=&search= [32m200[0m 93.062 ms - 12748[0m
[0mGET /api/tasks/67d26110022c92e84aa4ddef [32m200[0m 104.685 ms - 1065[0m
[0mPOST /api/users/login [32m200[0m 122.039 ms - 242[0m
[0mGET /api/tasks/dashboard [36m304[0m 127.771 ms - -[0m
[0mGET /api/users/notifications [33m401[0m 5.310 ms - 61[0m
[0mGET /api/tasks/dashboard [33m401[0m 0.447 ms - 61[0m
[0mPOST /api/users/login [32m200[0m 143.442 ms - 242[0m
[0mGET /api/users/notifications [32m201[0m 87.417 ms - 2[0m
[0mGET /api/tasks/dashboard [32m200[0m 156.922 ms - 9155[0m
[0mGET /api/tasks?stage=&isTrashed=&search= [32m200[0m 139.332 ms - 12748[0m
[0mGET /api/tasks/67d26110022c92e84aa4ddef [32m200[0m 130.890 ms - 1065[0m
[0mGET /api/tasks?stage=in%20progress&isTrashed=&search= [32m200[0m 175.687 ms - 3373[0m
[0mGET /api/users/get-team [32m200[0m 95.243 ms - 638[0m
[0mGET /api/tasks?stage=&isTrashed=true&search= [32m200[0m 132.046 ms - 4364[0m
[0mGET /api/users/notifications [32m201[0m 80.735 ms - 2[0m
[0mGET /api/tasks?stage=&isTrashed=true&search= [36m304[0m 118.518 ms - -[0m
[0mGET /api/tasks/dashboard [36m304[0m 163.721 ms - -[0m
[0mGET /api/tasks [33m401[0m 1.439 ms - 61[0m
[0mGET /api/tasks [33m401[0m 1.360 ms - 61[0m
[0mPOST /api/users/login [32m200[0m 245.586 ms - 242[0m
[0mGET /api/users/get-team [32m200[0m 386.945 ms - 638[0m
[0mGET /api/tasks [32m200[0m 408.166 ms - 12766[0m
[0mGET /api/tasks [32m200[0m 76.964 ms - 12766[0m
[0mGET /api/tasks [32m200[0m 142.526 ms - 12766[0m
[0mGET /api/tasks [32m200[0m 142.885 ms - 12766[0m
[0mGET /api/tasks [32m200[0m 96.803 ms - 12766[0m
[0mGET /api/users/get-team [32m200[0m 153.975 ms - 638[0m
[0mGET /api/users/get-team [32m200[0m 105.973 ms - 638[0m
[0mGET /api/users/get-team [32m200[0m 71.734 ms - 638[0m
[0mGET /api/users/get-team [32m200[0m 103.926 ms - 638[0m
[0mGET /api/users/get-team [32m200[0m 74.768 ms - 638[0m
[0mPOST /api/tasks/create [33m400[0m 237.636 ms - 187[0m
[0mGET /api/users/taks [33m404[0m 4.805 ms - 1271[0m
[0mGET /api/ [33m404[0m 9.738 ms - 1269[0m
[0mGET /api/ [33m404[0m 0.390 ms - 1269[0m
[0mGET /api [33m404[0m 0.813 ms - 1267[0m
[0mGET /api/tasks [32m200[0m 175.738 ms - 12766[0m
[0mPOST /api/tasks/create [32m200[0m 185.090 ms - 746[0m
[0mPOST /api/tasks/create [32m200[0m 108.849 ms - 755[0m
[0mGET /api/tasks/create [33m400[0m 61.149 ms - 122[0m
[0mGET /api/tasks/ [32m200[0m 167.125 ms - 14691[0m
[0mGET /api/tasks/ [32m200[0m 71.439 ms - 14690[0m
[0mGET /api/tasks/ [32m200[0m 41.852 ms - 14690[0m
[0mGET /api/users/get-team [32m200[0m 77.598 ms - 638[0m
[0mGET /api/users/get-team [32m200[0m 33.780 ms - 638[0m
[0mGET /api/users/get-team [32m200[0m 59.157 ms - 638[0m
[0mGET /api/users/get-team [32m200[0m 36.959 ms - 638[0m
[0mGET /api/users/get-team [32m200[0m 35.958 ms - 638[0m
[0mPUT /api/users/profile [32m200[0m 185.212 ms - 387[0m
[0mPUT /api/users/profile [32m200[0m 157.682 ms - 378[0m
[0mPUT /api/users/profile [32m200[0m 150.138 ms - 378[0m
[0mPUT /api/users/profile [32m200[0m 147.961 ms - 378[0m
[0mPUT /api/users/profile [32m200[0m 211.966 ms - 378[0m
[0mPUT /api/users/profile [0m-[0m - ms - -[0m
[0mPUT /api/users/notifications [33m400[0m 53.041 ms - 129[0m
[0mGET /api/users/notifications [32m201[0m 74.468 ms - 2[0m
[0mGET /api/users/notifications [32m200[0m 35.099 ms - 2[0m
